<?xml version="1.0" encoding="UTF-8"?>
<!-- Generated by org.testng.reporters.JUnitReportReporter -->
<testsuite skipped="0" hostname="DESKTOP-QNVL115" name="kcpAcademy.MavenJava.RESTAPITest" tests="2" failures="0" timestamp="11 Apr 2022 07:14:15 GMT" time="0.001" errors="0">
  <testcase name="DeleteTwitter" time="0.001" classname="kcpAcademy.MavenJava.RESTAPITest"/>
  <testcase name="postJira" time="0.000" classname="kcpAcademy.MavenJava.RESTAPITest"/>
</testsuite> <!-- kcpAcademy.MavenJava.RESTAPITest -->
