<?xml version="1.0" encoding="UTF-8"?>
<!-- Generated by org.testng.reporters.JUnitReportReporter -->
<testsuite skipped="0" hostname="DESKTOP-QNVL115" name="kcpAcademy.MavenJava.SeleniumTest" tests="2" failures="0" timestamp="11 Apr 2022 07:14:15 GMT" time="0.013" errors="0">
  <testcase name="elementsUI" time="0.001" classname="kcpAcademy.MavenJava.SeleniumTest"/>
  <testcase name="BrowserAutomation" time="0.012" classname="kcpAcademy.MavenJava.SeleniumTest"/>
</testsuite> <!-- kcpAcademy.MavenJava.SeleniumTest -->
