<?xml version="1.0" encoding="UTF-8"?>
<!-- Generated by org.testng.reporters.JUnitReportReporter -->
<testsuite skipped="0" hostname="DESKTOP-QNVL115" name="kcpAcademy.MavenJava.AppiumTest" tests="2" failures="0" timestamp="11 Apr 2022 07:13:50 GMT" time="0.006" errors="0">
  <testcase name="NativeAndroidApp" time="0.000" classname="kcpAcademy.MavenJava.AppiumTest"/>
  <testcase name="iOSApp" time="0.006" classname="kcpAcademy.MavenJava.AppiumTest"/>
</testsuite> <!-- kcpAcademy.MavenJava.AppiumTest -->
